<?xml version="1.0" encoding="UTF-8"?>
<!-- Generated by org.testng.reporters.JUnitXMLReporter -->
<testsuite ignored="0" hostname="LAPTOP-GFT8MLJQ" failures="1" tests="1" name="Default test(failed)" time="0.045" errors="0" timestamp="2023-05-27T11:44:22 IST">
  <testcase classname="vTiger.Practice.DebuggingPractice" name="test" time="0.01">
    <failure type="java.lang.ArithmeticException" message="/ by zero">
      <![CDATA[java.lang.ArithmeticException: / by zero
at vTiger.Practice.DebuggingPractice.divide(DebuggingPractice.java:19)
at vTiger.Practice.DebuggingPractice.test(DebuggingPractice.java:13)
at java.base/java.util.ArrayList.forEach(ArrayList.java:1511)
... Removed 25 stack frames]]>
    </failure>
  </testcase> <!-- test -->
</testsuite> <!-- Default test(failed) -->
