<?xml version="1.0" encoding="UTF-8"?>
<!-- Generated by org.testng.reporters.JUnitXMLReporter -->
<testsuite ignored="0" hostname="LAPTOP-GFT8MLJQ" failures="0" tests="2" name="Default test" time="64.129" errors="0" timestamp="2023-06-22T11:18:20 IST">
  <testcase classname="vTiger.ContactsTests.CreateContactWithOrganizationTest" name="createContactWithOrgTest" time="32.4"/>
  <testcase classname="vTiger.ContactsTests.CreateContactWithOrganizationTest" name="demo" time="0.002"/>
</testsuite> <!-- Default test -->
