<?xml version="1.0" encoding="UTF-8"?>
<testng-results ignored="0" total="2" passed="2" failed="0" skipped="0">
  <reporter-output>
  </reporter-output>
  <suite started-at="2023-06-22T11:17:15 IST" name="Default suite" finished-at="2023-06-22T11:18:19 IST" duration-ms="64129">
    <groups>
      <group name="Regeessionsuite">
        <method signature="CreateContactWithOrganizationTest.createContactWithOrgTest()[pri:0, instance:vTiger.ContactsTests.CreateContactWithOrganizationTest@82de64a]" name="createContactWithOrgTest" class="vTiger.ContactsTests.CreateContactWithOrganizationTest"/>
      </group> <!-- Regeessionsuite -->
    </groups>
    <test started-at="2023-06-22T11:17:15 IST" name="Default test" finished-at="2023-06-22T11:18:19 IST" duration-ms="64129">
      <class name="vTiger.ContactsTests.CreateContactWithOrganizationTest">
        <test-method is-config="true" signature="bsConfig()[pri:0, instance:vTiger.ContactsTests.CreateContactWithOrganizationTest@82de64a]" started-at="2023-06-22T11:17:15 IST" name="bsConfig" finished-at="2023-06-22T11:17:15 IST" duration-ms="10" status="PASS">
          <reporter-output>
          </reporter-output>
        </test-method> <!-- bsConfig -->
        <test-method is-config="true" signature="bcConfig()[pri:0, instance:vTiger.ContactsTests.CreateContactWithOrganizationTest@82de64a]" started-at="2023-06-22T11:17:15 IST" name="bcConfig" finished-at="2023-06-22T11:17:30 IST" duration-ms="15125" status="PASS">
          <reporter-output>
          </reporter-output>
        </test-method> <!-- bcConfig -->
        <test-method is-config="true" signature="bmConfig()[pri:0, instance:vTiger.ContactsTests.CreateContactWithOrganizationTest@82de64a]" started-at="2023-06-22T11:17:30 IST" name="bmConfig" finished-at="2023-06-22T11:17:34 IST" duration-ms="3707" status="PASS">
          <reporter-output>
          </reporter-output>
        </test-method> <!-- bmConfig -->
        <test-method signature="createContactWithOrgTest()[pri:0, instance:vTiger.ContactsTests.CreateContactWithOrganizationTest@82de64a]" started-at="2023-06-22T11:17:34 IST" name="createContactWithOrgTest" finished-at="2023-06-22T11:18:07 IST" duration-ms="32400" status="PASS">
          <reporter-output>
          </reporter-output>
        </test-method> <!-- createContactWithOrgTest -->
        <test-method is-config="true" signature="amConfig()[pri:0, instance:vTiger.ContactsTests.CreateContactWithOrganizationTest@82de64a]" started-at="2023-06-22T11:18:07 IST" name="amConfig" finished-at="2023-06-22T11:18:09 IST" duration-ms="2070" status="PASS">
          <reporter-output>
          </reporter-output>
        </test-method> <!-- amConfig -->
        <test-method is-config="true" signature="bmConfig()[pri:0, instance:vTiger.ContactsTests.CreateContactWithOrganizationTest@82de64a]" started-at="2023-06-22T11:18:09 IST" name="bmConfig" finished-at="2023-06-22T11:18:12 IST" duration-ms="3221" status="PASS">
          <reporter-output>
          </reporter-output>
        </test-method> <!-- bmConfig -->
        <test-method signature="demo()[pri:0, instance:vTiger.ContactsTests.CreateContactWithOrganizationTest@82de64a]" started-at="2023-06-22T11:18:12 IST" name="demo" finished-at="2023-06-22T11:18:12 IST" duration-ms="2" status="PASS">
          <reporter-output>
          </reporter-output>
        </test-method> <!-- demo -->
        <test-method is-config="true" signature="amConfig()[pri:0, instance:vTiger.ContactsTests.CreateContactWithOrganizationTest@82de64a]" started-at="2023-06-22T11:18:12 IST" name="amConfig" finished-at="2023-06-22T11:18:17 IST" duration-ms="4894" status="PASS">
          <reporter-output>
          </reporter-output>
        </test-method> <!-- amConfig -->
        <test-method is-config="true" signature="acConfig()[pri:0, instance:vTiger.ContactsTests.CreateContactWithOrganizationTest@82de64a]" started-at="2023-06-22T11:18:17 IST" name="acConfig" finished-at="2023-06-22T11:18:19 IST" duration-ms="2253" status="PASS">
          <reporter-output>
          </reporter-output>
        </test-method> <!-- acConfig -->
        <test-method is-config="true" signature="asConfig()[pri:0, instance:vTiger.ContactsTests.CreateContactWithOrganizationTest@82de64a]" started-at="2023-06-22T11:18:20 IST" name="asConfig" finished-at="2023-06-22T11:18:20 IST" duration-ms="0" status="PASS">
          <reporter-output>
          </reporter-output>
        </test-method> <!-- asConfig -->
      </class> <!-- vTiger.ContactsTests.CreateContactWithOrganizationTest -->
    </test> <!-- Default test -->
  </suite> <!-- Default suite -->
</testng-results>
